Determining if the pthread_create exist failed with the following output:
Change Dir: /var/www/html/face_detection/dlib-19.17/build/temp.linux-aarch64-3.6/dlib_build/cuda_test_build/CMakeFiles/CMakeTmp

Run Build Command:"/usr/bin/make" "cmTC_c5e8c/fast"
/usr/bin/make -f CMakeFiles/cmTC_c5e8c.dir/build.make CMakeFiles/cmTC_c5e8c.dir/build
make[1]: Entering directory '/var/www/html/face_detection/dlib-19.17/build/temp.linux-aarch64-3.6/dlib_build/cuda_test_build/CMakeFiles/CMakeTmp'
Building C object CMakeFiles/cmTC_c5e8c.dir/CheckSymbolExists.c.o
/usr/bin/cc   -fPIC    -o CMakeFiles/cmTC_c5e8c.dir/CheckSymbolExists.c.o   -c /var/www/html/face_detection/dlib-19.17/build/temp.linux-aarch64-3.6/dlib_build/cuda_test_build/CMakeFiles/CMakeTmp/CheckSymbolExists.c
Linking C executable cmTC_c5e8c
/usr/bin/cmake -E cmake_link_script CMakeFiles/cmTC_c5e8c.dir/link.txt --verbose=1
/usr/bin/cc -fPIC     -rdynamic CMakeFiles/cmTC_c5e8c.dir/CheckSymbolExists.c.o  -o cmTC_c5e8c 
CMakeFiles/cmTC_c5e8c.dir/CheckSymbolExists.c.o: In function `main':
CheckSymbolExists.c:(.text+0x14): undefined reference to `pthread_create'
CheckSymbolExists.c:(.text+0x18): undefined reference to `pthread_create'
collect2: error: ld returned 1 exit status
CMakeFiles/cmTC_c5e8c.dir/build.make:97: recipe for target 'cmTC_c5e8c' failed
make[1]: *** [cmTC_c5e8c] Error 1
make[1]: Leaving directory '/var/www/html/face_detection/dlib-19.17/build/temp.linux-aarch64-3.6/dlib_build/cuda_test_build/CMakeFiles/CMakeTmp'
Makefile:126: recipe for target 'cmTC_c5e8c/fast' failed
make: *** [cmTC_c5e8c/fast] Error 2

File /var/www/html/face_detection/dlib-19.17/build/temp.linux-aarch64-3.6/dlib_build/cuda_test_build/CMakeFiles/CMakeTmp/CheckSymbolExists.c:
/* */
#include <pthread.h>

int main(int argc, char** argv)
{
  (void)argv;
#ifndef pthread_create
  return ((int*)(&pthread_create))[argc];
#else
  (void)argc;
  return 0;
#endif
}

Determining if the function pthread_create exists in the pthreads failed with the following output:
Change Dir: /var/www/html/face_detection/dlib-19.17/build/temp.linux-aarch64-3.6/dlib_build/cuda_test_build/CMakeFiles/CMakeTmp

Run Build Command:"/usr/bin/make" "cmTC_7f3af/fast"
/usr/bin/make -f CMakeFiles/cmTC_7f3af.dir/build.make CMakeFiles/cmTC_7f3af.dir/build
make[1]: Entering directory '/var/www/html/face_detection/dlib-19.17/build/temp.linux-aarch64-3.6/dlib_build/cuda_test_build/CMakeFiles/CMakeTmp'
Building C object CMakeFiles/cmTC_7f3af.dir/CheckFunctionExists.c.o
/usr/bin/cc   -fPIC -DCHECK_FUNCTION_EXISTS=pthread_create   -o CMakeFiles/cmTC_7f3af.dir/CheckFunctionExists.c.o   -c /usr/share/cmake-3.10/Modules/CheckFunctionExists.c
Linking C executable cmTC_7f3af
/usr/bin/cmake -E cmake_link_script CMakeFiles/cmTC_7f3af.dir/link.txt --verbose=1
/usr/bin/cc -fPIC -DCHECK_FUNCTION_EXISTS=pthread_create    -rdynamic CMakeFiles/cmTC_7f3af.dir/CheckFunctionExists.c.o  -o cmTC_7f3af -lpthreads 
/usr/bin/ld: cannot find -lpthreads
collect2: error: ld returned 1 exit status
CMakeFiles/cmTC_7f3af.dir/build.make:97: recipe for target 'cmTC_7f3af' failed
make[1]: *** [cmTC_7f3af] Error 1
make[1]: Leaving directory '/var/www/html/face_detection/dlib-19.17/build/temp.linux-aarch64-3.6/dlib_build/cuda_test_build/CMakeFiles/CMakeTmp'
Makefile:126: recipe for target 'cmTC_7f3af/fast' failed
make: *** [cmTC_7f3af/fast] Error 2


