Determining if the pthread_create exist failed with the following output:
Change Dir: /var/www/html/face_detection/dlib-19.17/build/temp.linux-aarch64-3.6/dlib_build/cudnn_test_build/CMakeFiles/CMakeTmp

Run Build Command:"/usr/bin/make" "cmTC_d0d82/fast"
/usr/bin/make -f CMakeFiles/cmTC_d0d82.dir/build.make CMakeFiles/cmTC_d0d82.dir/build
make[1]: Entering directory '/var/www/html/face_detection/dlib-19.17/build/temp.linux-aarch64-3.6/dlib_build/cudnn_test_build/CMakeFiles/CMakeTmp'
Building C object CMakeFiles/cmTC_d0d82.dir/CheckSymbolExists.c.o
/usr/bin/cc   -fPIC    -o CMakeFiles/cmTC_d0d82.dir/CheckSymbolExists.c.o   -c /var/www/html/face_detection/dlib-19.17/build/temp.linux-aarch64-3.6/dlib_build/cudnn_test_build/CMakeFiles/CMakeTmp/CheckSymbolExists.c
Linking C executable cmTC_d0d82
/usr/bin/cmake -E cmake_link_script CMakeFiles/cmTC_d0d82.dir/link.txt --verbose=1
/usr/bin/cc -fPIC     -rdynamic CMakeFiles/cmTC_d0d82.dir/CheckSymbolExists.c.o  -o cmTC_d0d82 
CMakeFiles/cmTC_d0d82.dir/CheckSymbolExists.c.o: In function `main':
CheckSymbolExists.c:(.text+0x14): undefined reference to `pthread_create'
CheckSymbolExists.c:(.text+0x18): undefined reference to `pthread_create'
collect2: error: ld returned 1 exit status
CMakeFiles/cmTC_d0d82.dir/build.make:97: recipe for target 'cmTC_d0d82' failed
make[1]: *** [cmTC_d0d82] Error 1
make[1]: Leaving directory '/var/www/html/face_detection/dlib-19.17/build/temp.linux-aarch64-3.6/dlib_build/cudnn_test_build/CMakeFiles/CMakeTmp'
Makefile:126: recipe for target 'cmTC_d0d82/fast' failed
make: *** [cmTC_d0d82/fast] Error 2

File /var/www/html/face_detection/dlib-19.17/build/temp.linux-aarch64-3.6/dlib_build/cudnn_test_build/CMakeFiles/CMakeTmp/CheckSymbolExists.c:
/* */
#include <pthread.h>

int main(int argc, char** argv)
{
  (void)argv;
#ifndef pthread_create
  return ((int*)(&pthread_create))[argc];
#else
  (void)argc;
  return 0;
#endif
}

Determining if the function pthread_create exists in the pthreads failed with the following output:
Change Dir: /var/www/html/face_detection/dlib-19.17/build/temp.linux-aarch64-3.6/dlib_build/cudnn_test_build/CMakeFiles/CMakeTmp

Run Build Command:"/usr/bin/make" "cmTC_9c2a3/fast"
/usr/bin/make -f CMakeFiles/cmTC_9c2a3.dir/build.make CMakeFiles/cmTC_9c2a3.dir/build
make[1]: Entering directory '/var/www/html/face_detection/dlib-19.17/build/temp.linux-aarch64-3.6/dlib_build/cudnn_test_build/CMakeFiles/CMakeTmp'
Building C object CMakeFiles/cmTC_9c2a3.dir/CheckFunctionExists.c.o
/usr/bin/cc   -fPIC -DCHECK_FUNCTION_EXISTS=pthread_create   -o CMakeFiles/cmTC_9c2a3.dir/CheckFunctionExists.c.o   -c /usr/share/cmake-3.10/Modules/CheckFunctionExists.c
Linking C executable cmTC_9c2a3
/usr/bin/cmake -E cmake_link_script CMakeFiles/cmTC_9c2a3.dir/link.txt --verbose=1
/usr/bin/cc -fPIC -DCHECK_FUNCTION_EXISTS=pthread_create    -rdynamic CMakeFiles/cmTC_9c2a3.dir/CheckFunctionExists.c.o  -o cmTC_9c2a3 -lpthreads 
/usr/bin/ld: cannot find -lpthreads
collect2: error: ld returned 1 exit status
CMakeFiles/cmTC_9c2a3.dir/build.make:97: recipe for target 'cmTC_9c2a3' failed
make[1]: *** [cmTC_9c2a3] Error 1
make[1]: Leaving directory '/var/www/html/face_detection/dlib-19.17/build/temp.linux-aarch64-3.6/dlib_build/cudnn_test_build/CMakeFiles/CMakeTmp'
Makefile:126: recipe for target 'cmTC_9c2a3/fast' failed
make: *** [cmTC_9c2a3/fast] Error 2


